<?xml version="1.0" encoding="UTF-8" standalone="no"?>
<!DOCTYPE log SYSTEM "logger.dtd">
<log>
<record>
  <date>2020-02-04T15:03:20</date>
  <millis>1580808800362</millis>
  <sequence>0</sequence>
  <level>START</level>
  <class>com.kms.katalon.core.logging.XmlKeywordLogger</class>
  <method>startSuite</method>
  <thread>1</thread>
  <message>Start Test Suite : Test Suites/Suite001</message>
  <nestedLevel>0</nestedLevel>
  <property name="name">Suite001</property>
  <property name="description"></property>
  <property name="id">Test Suites/Suite001</property>
</record>
<record>
  <date>2020-02-04T15:03:20</date>
  <millis>1580808800373</millis>
  <sequence>1</sequence>
  <level>RUN_DATA</level>
  <class>com.kms.katalon.core.logging.XmlKeywordLogger</class>
  <method>logMessage</method>
  <thread>1</thread>
  <message>hostName = shraddhach - SHRADDHACH.cybage.com</message>
  <nestedLevel>0</nestedLevel>
  <property name="hostName">shraddhach - SHRADDHACH.cybage.com</property>
</record>
<record>
  <date>2020-02-04T15:03:20</date>
  <millis>1580808800374</millis>
  <sequence>2</sequence>
  <level>RUN_DATA</level>
  <class>com.kms.katalon.core.logging.XmlKeywordLogger</class>
  <method>logMessage</method>
  <thread>1</thread>
  <message>os = Windows 8.1 64bit</message>
  <nestedLevel>0</nestedLevel>
  <property name="os">Windows 8.1 64bit</property>
</record>
<record>
  <date>2020-02-04T15:03:20</date>
  <millis>1580808800374</millis>
  <sequence>3</sequence>
  <level>RUN_DATA</level>
  <class>com.kms.katalon.core.logging.XmlKeywordLogger</class>
  <method>logMessage</method>
  <thread>1</thread>
  <message>hostAddress = 172.28.52.13</message>
  <nestedLevel>0</nestedLevel>
  <property name="hostAddress">172.28.52.13</property>
</record>
<record>
  <date>2020-02-04T15:03:20</date>
  <millis>1580808800375</millis>
  <sequence>4</sequence>
  <level>RUN_DATA</level>
  <class>com.kms.katalon.core.logging.XmlKeywordLogger</class>
  <method>logMessage</method>
  <thread>1</thread>
  <message>katalonVersion = 7.2.1.1</message>
  <nestedLevel>0</nestedLevel>
  <property name="katalonVersion">7.2.1.1</property>
</record>
<record>
  <date>2020-02-04T15:03:22</date>
  <millis>1580808802322</millis>
  <sequence>5</sequence>
  <level>END</level>
  <class>com.kms.katalon.core.logging.XmlKeywordLogger</class>
  <method>endSuite</method>
  <thread>1</thread>
  <message>End Test Suite : Test Suites/Suite001</message>
  <nestedLevel>0</nestedLevel>
</record>
</log>